WPDB Import log-file
2011-10-16 10:40:26



 /****** Beginning category import process ******/

 -- Found category termId:3 slug:test1 title:Test1
 -- Inserting category breadcrumb:Test1 datePublished:2011-10-16 22:40:26 parentId:1 layoutId:0 statusId:101 userId:Administrator

 -- Found category termId:4 slug:test2 title:Test2
 -- Inserting category breadcrumb:Test2 datePublished:2011-10-16 22:40:26 parentId:1 layoutId:0 statusId:101 userId:Administrator

 -- Found category termId:1 slug:uncategorized title:Uncategorized

 /****** Completed category import. ******/

 /****** Beginning page & post import process ******/

 -- Found post post_id:1 slug:hello-world title:Hello world! userId:admin category:Test1
 -- Inserting content breadcrumb:Hello world! datePublished:2011-05-25 01:08:32 parentId:3 layoutId:0 statusId:100 userId:Administrator
 -- Inserting content for pageId:56

 -- Found page post_id:2 slug:sample-page title:Sample Page userId:admin
 -- Inserting content breadcrumb:Sample Page datePublished:2011-05-25 01:08:32 parentId:1 layoutId:0 statusId:101 userId:Administrator
 -- Inserting content for pageId:58

 -- Found post post_id:5 slug:test1 title:Test1 userId:admin category:Uncategorized

 -- Found post post_id:7 slug:test2 title:Test2 userId:admin category:Test2

 /****** Completed page & post import. ******/

EOF
